TN:
SF:src\pages\operational\RightSizing\RightSizing.jsx
FN:57,RightSizing
FN:75,(anonymous_1)
FN:89,(anonymous_2)
FN:102,(anonymous_3)
FN:105,(anonymous_4)
FN:120,(anonymous_5)
FN:155,(anonymous_6)
FN:188,(anonymous_7)
FN:191,(anonymous_8)
FN:194,(anonymous_9)
FN:216,(anonymous_10)
FN:222,(anonymous_11)
FN:227,(anonymous_12)
FN:234,(anonymous_13)
FN:241,(anonymous_14)
FN:249,(anonymous_15)
FN:250,(anonymous_16)
FN:253,(anonymous_17)
FN:260,(anonymous_18)
FN:275,(anonymous_19)
FN:284,(anonymous_20)
FN:292,(anonymous_21)
FN:304,(anonymous_22)
FN:324,(anonymous_23)
FN:331,(anonymous_24)
FN:345,(anonymous_25)
FN:346,(anonymous_26)
FN:422,(anonymous_27)
FN:425,(anonymous_28)
FN:441,(anonymous_29)
FN:444,(anonymous_30)
FN:460,(anonymous_31)
FN:463,(anonymous_32)
FNF:33
FNH:19
FNDA:218,RightSizing
FNDA:75,(anonymous_1)
FNDA:160,(anonymous_2)
FNDA:160,(anonymous_3)
FNDA:54,(anonymous_4)
FNDA:79,(anonymous_5)
FNDA:75,(anonymous_6)
FNDA:75,(anonymous_7)
FNDA:75,(anonymous_8)
FNDA:75,(anonymous_9)
FNDA:54,(anonymous_10)
FNDA:109,(anonymous_11)
FNDA:0,(anonymous_12)
FNDA:0,(anonymous_13)
FNDA:0,(anonymous_14)
FNDA:0,(anonymous_15)
FNDA:0,(anonymous_16)
FNDA:1,(anonymous_17)
FNDA:160,(anonymous_18)
FNDA:160,(anonymous_19)
FNDA:0,(anonymous_20)
FNDA:0,(anonymous_21)
FNDA:0,(anonymous_22)
FNDA:0,(anonymous_23)
FNDA:160,(anonymous_24)
FNDA:0,(anonymous_25)
FNDA:0,(anonymous_26)
FNDA:0,(anonymous_27)
FNDA:2,(anonymous_28)
FNDA:0,(anonymous_29)
FNDA:4,(anonymous_30)
FNDA:0,(anonymous_31)
FNDA:3,(anonymous_32)
DA:16,1
DA:17,1
DA:28,1
DA:29,1
DA:31,1
DA:58,218
DA:59,218
DA:60,218
DA:61,218
DA:64,218
DA:70,218
DA:71,218
DA:72,218
DA:75,218
DA:76,75
DA:80,75
DA:81,75
DA:82,75
DA:83,73
DA:85,2
DA:89,218
DA:90,160
DA:91,160
DA:92,136
DA:93,94
DA:97,218
DA:102,218
DA:105,218
DA:106,54
DA:107,54
DA:108,54
DA:110,54
DA:113,54
DA:114,54
DA:115,54
DA:120,79
DA:121,54
DA:125,54
DA:130,54
DA:136,52
DA:142,54
DA:144,2
DA:149,2
DA:150,2
DA:151,2
DA:155,50
DA:156,75
DA:159,75
DA:160,75
DA:161,75
DA:162,75
DA:164,75
DA:187,50
DA:188,75
DA:190,50
DA:191,75
DA:193,50
DA:194,75
DA:197,50
DA:198,50
DA:200,2
DA:201,2
DA:209,2
DA:210,2
DA:212,54
DA:216,218
DA:217,54
DA:222,218
DA:223,109
DA:225,109
DA:226,0
DA:227,0
DA:228,0
DA:232,109
DA:233,0
DA:234,0
DA:235,0
DA:239,109
DA:240,0
DA:241,0
DA:242,0
DA:246,109
DA:249,218
DA:250,0
DA:253,218
DA:254,1
DA:260,218
DA:261,160
DA:262,160
DA:263,136
DA:264,94
DA:268,218
DA:275,160
DA:284,0
DA:292,0
DA:304,0
DA:324,0
DA:332,160
DA:345,0
DA:346,0
DA:362,218
DA:373,110
DA:422,0
DA:425,2
DA:441,0
DA:444,4
DA:460,0
DA:463,3
LF:108
LH:89
BRDA:76,0,0,0
BRDA:76,0,1,75
BRDA:76,1,0,75
BRDA:76,1,1,75
BRDA:80,2,0,75
BRDA:80,2,1,0
BRDA:82,3,0,73
BRDA:82,3,1,2
BRDA:90,4,0,160
BRDA:90,4,1,6
BRDA:91,5,0,24
BRDA:91,5,1,136
BRDA:92,6,0,42
BRDA:92,6,1,94
BRDA:102,7,0,160
BRDA:102,7,1,0
BRDA:120,8,0,79
BRDA:120,8,1,0
BRDA:121,9,0,54
BRDA:121,9,1,0
BRDA:136,10,0,0
BRDA:136,10,1,52
BRDA:138,11,0,52
BRDA:138,11,1,0
BRDA:142,12,0,2
BRDA:142,12,1,52
BRDA:142,13,0,54
BRDA:142,13,1,52
BRDA:157,14,0,75
BRDA:157,14,1,1
BRDA:157,14,2,1
BRDA:157,14,3,1
BRDA:159,15,0,75
BRDA:159,15,1,4
BRDA:159,15,2,4
BRDA:160,16,0,75
BRDA:160,16,1,4
BRDA:160,16,2,4
BRDA:161,17,0,75
BRDA:161,17,1,4
BRDA:161,17,2,4
BRDA:162,18,0,75
BRDA:162,18,1,0
BRDA:162,18,2,0
BRDA:162,18,3,0
BRDA:165,19,0,75
BRDA:165,19,1,0
BRDA:166,20,0,75
BRDA:166,20,1,0
BRDA:171,21,0,73
BRDA:171,21,1,2
BRDA:173,22,0,75
BRDA:173,22,1,73
BRDA:173,22,2,73
BRDA:174,23,0,75
BRDA:174,23,1,73
BRDA:174,23,2,73
BRDA:176,24,0,75
BRDA:176,24,1,73
BRDA:176,24,2,73
BRDA:176,24,3,73
BRDA:180,25,0,75
BRDA:180,25,1,74
BRDA:180,25,2,74
BRDA:181,26,0,75
BRDA:181,26,1,73
BRDA:182,27,0,75
BRDA:182,27,1,73
BRDA:200,28,0,2
BRDA:200,28,1,0
BRDA:203,29,0,2
BRDA:203,29,1,0
BRDA:225,30,0,0
BRDA:225,30,1,109
BRDA:228,31,0,0
BRDA:228,31,1,0
BRDA:232,32,0,0
BRDA:232,32,1,109
BRDA:235,33,0,0
BRDA:235,33,1,0
BRDA:239,34,0,0
BRDA:239,34,1,109
BRDA:242,35,0,0
BRDA:242,35,1,0
BRDA:250,36,0,0
BRDA:250,36,1,0
BRDA:261,37,0,160
BRDA:261,37,1,6
BRDA:262,38,0,24
BRDA:262,38,1,136
BRDA:263,39,0,42
BRDA:263,39,1,94
BRDA:284,40,0,0
BRDA:284,40,1,0
BRDA:284,41,0,0
BRDA:284,41,1,0
BRDA:292,42,0,0
BRDA:292,42,1,0
BRDA:292,43,0,0
BRDA:292,43,1,0
BRDA:304,44,0,0
BRDA:304,44,1,0
BRDA:304,45,0,0
BRDA:304,45,1,0
BRDA:324,46,0,0
BRDA:324,46,1,0
BRDA:324,47,0,0
BRDA:324,47,1,0
BRDA:362,48,0,108
BRDA:362,48,1,110
BRDA:373,49,0,4
BRDA:373,49,1,106
BRDA:373,50,0,110
BRDA:373,50,1,8
BRDA:378,51,0,4
BRDA:378,51,1,0
BRDA:380,52,0,4
BRDA:380,52,1,0
BRDA:421,53,0,106
BRDA:421,53,1,106
BRDA:440,54,0,218
BRDA:440,54,1,106
BRDA:459,55,0,218
BRDA:459,55,1,106
BRF:124
BRH:81
end_of_record
