TN:
SF:src\pages\Security\Cloud_Trail\Cloud_Trail.jsx
FN:23,(anonymous_0)
FN:31,(anonymous_1)
FN:48,(anonymous_2)
FN:54,(anonymous_3)
FN:59,(anonymous_4)
FN:79,(anonymous_5)
FN:80,(anonymous_6)
FN:102,(anonymous_7)
FN:129,(anonymous_8)
FN:129,(anonymous_9)
FN:130,(anonymous_10)
FN:132,(anonymous_11)
FN:133,(anonymous_12)
FN:134,(anonymous_13)
FN:137,(anonymous_14)
FN:142,(anonymous_15)
FN:148,(anonymous_16)
FN:165,(anonymous_17)
FN:166,(anonymous_18)
FN:178,(anonymous_19)
FN:191,(anonymous_20)
FN:192,(anonymous_21)
FN:205,(anonymous_22)
FN:218,(anonymous_23)
FN:231,(anonymous_24)
FN:232,(anonymous_25)
FN:241,(anonymous_26)
FN:250,(anonymous_27)
FN:289,(anonymous_28)
FNF:29
FNH:23
FNDA:61,(anonymous_0)
FNDA:18,(anonymous_1)
FNDA:17,(anonymous_2)
FNDA:3,(anonymous_3)
FNDA:49,(anonymous_4)
FNDA:18,(anonymous_5)
FNDA:18,(anonymous_6)
FNDA:17,(anonymous_7)
FNDA:183,(anonymous_8)
FNDA:0,(anonymous_9)
FNDA:72,(anonymous_10)
FNDA:24,(anonymous_11)
FNDA:24,(anonymous_12)
FNDA:24,(anonymous_13)
FNDA:3,(anonymous_14)
FNDA:0,(anonymous_15)
FNDA:4,(anonymous_16)
FNDA:24,(anonymous_17)
FNDA:0,(anonymous_18)
FNDA:22,(anonymous_19)
FNDA:24,(anonymous_20)
FNDA:0,(anonymous_21)
FNDA:22,(anonymous_22)
FNDA:22,(anonymous_23)
FNDA:13,(anonymous_24)
FNDA:0,(anonymous_25)
FNDA:3,(anonymous_26)
FNDA:24,(anonymous_27)
FNDA:0,(anonymous_28)
DA:21,1
DA:23,1
DA:24,61
DA:25,61
DA:26,61
DA:27,61
DA:28,61
DA:31,61
DA:32,18
DA:33,18
DA:34,18
DA:36,0
DA:37,0
DA:40,18
DA:42,17
DA:43,17
DA:46,15
DA:47,15
DA:48,17
DA:49,1
DA:51,0
DA:54,3
DA:55,0
DA:59,61
DA:62,49
DA:71,49
DA:72,49
DA:74,0
DA:79,61
DA:80,18
DA:81,18
DA:82,18
DA:84,18
DA:85,18
DA:88,18
DA:90,18
DA:96,17
DA:99,18
DA:102,18
DA:116,18
DA:118,1
DA:119,1
DA:121,18
DA:125,18
DA:129,61
DA:130,183
DA:132,61
DA:133,61
DA:134,61
DA:137,61
DA:138,3
DA:139,3
DA:142,61
DA:143,0
DA:144,0
DA:148,61
DA:149,4
DA:153,61
DA:165,24
DA:166,0
DA:178,22
DA:191,24
DA:192,0
DA:205,22
DA:218,22
DA:231,13
DA:232,0
DA:241,3
DA:249,61
DA:251,24
DA:290,0
LF:71
LH:60
BRDA:40,0,0,1
BRDA:40,0,1,17
BRDA:43,1,0,2
BRDA:43,1,1,15
BRDA:43,2,0,17
BRDA:43,2,1,16
BRDA:48,3,0,13
BRDA:48,3,1,2
BRDA:48,4,0,17
BRDA:48,4,1,0
BRDA:49,5,0,1
BRDA:49,5,1,0
BRDA:49,6,0,1
BRDA:49,6,1,1
BRDA:54,7,0,1
BRDA:54,7,1,0
BRDA:62,8,0,49
BRDA:62,8,1,18
BRDA:62,8,2,16
BRDA:62,8,3,14
BRDA:62,8,4,12
BRDA:62,8,5,12
BRDA:62,8,6,12
BRDA:62,8,7,12
BRDA:62,8,8,10
BRDA:88,9,0,18
BRDA:88,9,1,0
BRDA:99,10,0,15
BRDA:99,10,1,2
BRDA:99,11,0,1
BRDA:99,11,1,1
BRDA:102,12,0,17
BRDA:102,12,1,0
BRDA:102,13,0,17
BRDA:104,14,0,17
BRDA:104,14,1,13
BRDA:104,14,2,12
BRDA:105,15,0,17
BRDA:105,15,1,1
BRDA:105,15,2,0
BRDA:105,15,3,0
BRDA:106,16,0,17
BRDA:106,16,1,10
BRDA:106,16,2,9
BRDA:107,17,0,17
BRDA:107,17,1,1
BRDA:107,17,2,0
BRDA:108,18,0,17
BRDA:108,18,1,16
BRDA:108,18,2,15
BRDA:109,19,0,17
BRDA:109,19,1,16
BRDA:109,19,2,15
BRDA:109,19,3,15
BRDA:110,20,0,17
BRDA:110,20,1,14
BRDA:110,20,2,13
BRDA:111,21,0,17
BRDA:111,21,1,13
BRDA:111,21,2,12
BRDA:129,22,0,0
BRDA:130,23,0,183
BRDA:130,23,1,0
BRDA:130,24,0,72
BRDA:130,24,1,0
BRDA:138,25,0,3
BRDA:138,25,1,0
BRDA:138,26,0,3
BRDA:138,26,1,3
BRDA:149,27,0,4
BRDA:149,27,1,0
BRDA:178,28,0,22
BRDA:178,28,1,0
BRDA:205,29,0,22
BRDA:205,29,1,0
BRDA:218,30,0,22
BRDA:218,30,1,0
BRDA:249,31,0,61
BRDA:249,31,1,0
BRDA:251,32,0,24
BRDA:251,32,1,0
BRDA:290,33,0,0
BRDA:290,33,1,0
BRDA:290,34,0,0
BRDA:290,34,1,0
BRDA:290,35,0,0
BRDA:290,35,1,0
BRDA:297,36,0,61
BRDA:297,36,1,58
BRDA:306,37,0,3
BRDA:306,37,1,0
BRDA:307,38,0,3
BRDA:307,38,1,0
BRDA:307,39,0,3
BRDA:307,39,1,0
BRDA:308,40,0,3
BRDA:308,40,1,0
BRDA:309,41,0,3
BRDA:309,41,1,0
BRDA:310,42,0,3
BRDA:310,42,1,0
BRDA:311,43,0,3
BRDA:311,43,1,0
BRDA:312,44,0,3
BRDA:312,44,1,0
BRDA:313,45,0,3
BRDA:313,45,1,3
BRDA:314,46,0,3
BRDA:314,46,1,3
BRDA:318,47,0,3
BRDA:318,47,1,0
BRF:111
BRH:78
end_of_record
